Collecting flask==2.3.3
  Downloading flask-2.3.3-py3-none-any.whl (96 kB)
Collecting flask-cors==4.0.0
  Downloading Flask_Cors-4.0.0-py2.py3-none-any.whl (14 kB)
Collecting tensorflow==2.13.0
  Downloading tensorflow-2.13.0-cp39-cp39-macosx_12_0_arm64.whl (1.9 kB)
Collecting numpy==1.24.3
  Downloading numpy-1.24.3-cp39-cp39-macosx_11_0_arm64.whl (13.9 MB)
Collecting pillow==10.0.0
  Downloading Pillow-10.0.0-cp39-cp39-macosx_11_0_arm64.whl (3.1 MB)
Collecting opencv-python==4.8.1.78
  Downloading opencv_python-4.8.1.78-cp37-abi3-macosx_11_0_arm64.whl (33.1 MB)
Collecting google-generativeai==0.3.1
  Downloading google_generativeai-0.3.1-py3-none-any.whl (146 kB)
Collecting werkzeug==2.3.7
  Downloading werkzeug-2.3.7-py3-none-any.whl (242 kB)
Collecting gunicorn==21.2.0
  Downloading gunicorn-21.2.0-py3-none-any.whl (80 kB)
Collecting python-dotenv==1.0.0
  Downloading python_dotenv-1.0.0-py3-none-any.whl (19 kB)
Collecting scikit-learn==1.3.0
  Downloading scikit_learn-1.3.0-cp39-cp39-macosx_12_0_arm64.whl (9.5 MB)
Collecting matplotlib==3.7.2
  Downloading matplotlib-3.7.2-cp39-cp39-macosx_11_0_arm64.whl (7.3 MB)
Collecting pandas==2.0.3
  Downloading pandas-2.0.3-cp39-cp39-macosx_11_0_arm64.whl (10.9 MB)
Collecting requests==2.31.0
  Downloading requests-2.31.0-py3-none-any.whl (62 kB)
Collecting blinker>=1.6.2
  Downloading blinker-1.9.0-py3-none-any.whl (8.5 kB)
Collecting importlib-metadata>=3.6.0
  Downloading importlib_metadata-8.7.0-py3-none-any.whl (27 kB)
Collecting Jinja2>=3.1.2
  Downloading jinja2-3.1.6-py3-none-any.whl (134 kB)
Collecting click>=8.1.3
  Downloading click-8.1.8-py3-none-any.whl (98 kB)
Collecting itsdangerous>=2.1.2
  Downloading itsdangerous-2.2.0-py3-none-any.whl (16 kB)
Collecting tensorflow-macos==2.13.0
  Downloading tensorflow_macos-2.13.0-cp39-cp39-macosx_12_0_arm64.whl (189.3 MB)
ERROR: Operation cancelled by user
WARNING: You are using pip version 21.2.4; however, version 25.1.1 is available.
You should consider upgrading via the '/Users/darshanpatil/Documents/Mern Stack/krishiBandhu/ml-features/venv/bin/python3 -m pip install --upgrade pip' command.
